<?xml version="1.0" encoding="UTF-8"?>
<!-- Generated by org.testng.reporters.JUnitXMLReporter -->
<testsuite hostname="DESKTOP-OATGVE3" ignored="0" name="NewCustomerRegistration" tests="33" failures="3" timestamp="16 Mar 2022 07:09:03 GMT" time="380.643" errors="0">
  <testcase name="TC01_login" time="269.719" classname="test.NewCustomerRegistrationTest"/>
  <testcase name="TC02_verifyLogoAndPageTitle" time="0.493" classname="test.NewCustomerRegistrationTest"/>
  <testcase name="TC03_verifyCRAndCustomerValidationTabs" time="0.57" classname="test.NewCustomerRegistrationTest"/>
  <testcase name="TC04_verifyCRTabIsSelected" time="0.408" classname="test.NewCustomerRegistrationTest"/>
  <testcase name="TC05_verifyPresenceOfAllFields" time="1.4" classname="test.NewCustomerRegistrationTest"/>
  <testcase name="TC06_CustomerRegistrationForUS" time="5.831" classname="test.NewCustomerRegistrationTest">
    <failure type="org.openqa.selenium.NoSuchElementException" message="Unable to locate element: //div[contains(text(),&amp;apos;Party created successfully&amp;apos;)]
For documentation on this error, please visit: https://www.seleniumhq.org/exceptions/no_such_element.html
Build info: version: &amp;apos;3.141.59&amp;apos;, revision: &amp;apos;e82be7d358&amp;apos;, time: &amp;apos;2018-11-14T08:17:03&amp;apos;
System info: host: &amp;apos;DESKTOP-OATGVE3&amp;apos;, ip: &amp;apos;10.65.50.90&amp;apos;, os.name: &amp;apos;Windows 10&amp;apos;, os.arch: &amp;apos;amd64&amp;apos;, os.version: &amp;apos;10.0&amp;apos;, java.version: &amp;apos;1.8.0_311&amp;apos;
Driver info: org.openqa.selenium.firefox.FirefoxDriver
Capabilities {acceptInsecureCerts: true, browserName: firefox, browserVersion: 94.0.1, javascriptEnabled: true, moz:accessibilityChecks: false, moz:buildID: 20211103134640, moz:geckodriverVersion: 0.30.0, moz:headless: false, moz:processID: 20752, moz:profile: C:\Users\manorsah\AppData\L..., moz:shutdownTimeout: 60000, moz:useNonSpecCompliantPointerOrigin: false, moz:webdriverClick: true, pageLoadStrategy: normal, platform: WINDOWS, platformName: WINDOWS, platformVersion: 10.0, proxy: Proxy(), setWindowRect: true, strictFileInteractability: false, timeouts: {implicit: 0, pageLoad: 300000, script: 30000}, unhandledPromptBehavior: dismiss and notify}
Session ID: 80605ec0-2572-40d6-ae89-fa3457fa65a3
*** Element info: {Using=xpath, value=//div[contains(text(),&amp;apos;Party created successfully&amp;apos;)]}">
      <![CDATA[org.openqa.selenium.NoSuchElementException: Unable to locate element: //div[contains(text(),'Party created successfully')]
For documentation on this error, please visit: https://www.seleniumhq.org/exceptions/no_such_element.html
Build info: version: '3.141.59', revision: 'e82be7d358', time: '2018-11-14T08:17:03'
System info: host: 'DESKTOP-OATGVE3', ip: '10.65.50.90', os.name: 'Windows 10', os.arch: 'amd64', os.version: '10.0', java.version: '1.8.0_311'
Driver info: org.openqa.selenium.firefox.FirefoxDriver
Capabilities {acceptInsecureCerts: true, browserName: firefox, browserVersion: 94.0.1, javascriptEnabled: true, moz:accessibilityChecks: false, moz:buildID: 20211103134640, moz:geckodriverVersion: 0.30.0, moz:headless: false, moz:processID: 20752, moz:profile: C:\Users\manorsah\AppData\L..., moz:shutdownTimeout: 60000, moz:useNonSpecCompliantPointerOrigin: false, moz:webdriverClick: true, pageLoadStrategy: normal, platform: WINDOWS, platformName: WINDOWS, platformVersion: 10.0, proxy: Proxy(), setWindowRect: true, strictFileInteractability: false, timeouts: {implicit: 0, pageLoad: 300000, script: 30000}, unhandledPromptBehavior: dismiss and notify}
Session ID: 80605ec0-2572-40d6-ae89-fa3457fa65a3
*** Element info: {Using=xpath, value=//div[contains(text(),'Party created successfully')]}
at org.openqa.selenium.remote.http.W3CHttpResponseCodec.createException(W3CHttpResponseCodec.java:187)
at org.openqa.selenium.remote.http.W3CHttpResponseCodec.decode(W3CHttpResponseCodec.java:122)
at org.openqa.selenium.remote.http.W3CHttpResponseCodec.decode(W3CHttpResponseCodec.java:49)
at org.openqa.selenium.remote.HttpCommandExecutor.execute(HttpCommandExecutor.java:158)
at org.openqa.selenium.remote.service.DriverCommandExecutor.execute(DriverCommandExecutor.java:83)
at org.openqa.selenium.remote.RemoteWebDriver.execute(RemoteWebDriver.java:552)
at org.openqa.selenium.remote.RemoteWebDriver.findElement(RemoteWebDriver.java:323)
at org.openqa.selenium.remote.RemoteWebDriver.findElementByXPath(RemoteWebDriver.java:428)
at org.openqa.selenium.By$ByXPath.findElement(By.java:353)
at org.openqa.selenium.remote.RemoteWebDriver.findElement(RemoteWebDriver.java:315)
at page.NewCustomerRegistration.customerRegistrationForUS(NewCustomerRegistration.java:170)
at test.NewCustomerRegistrationTest.TC06_CustomerRegistrationForUS(NewCustomerRegistrationTest.java:67)
at com.intellij.rt.testng.IDEARemoteTestNG.run(IDEARemoteTestNG.java:66)
at com.intellij.rt.testng.RemoteTestNGStarter.main(RemoteTestNGStarter.java:109)
... Removed 26 stack frames]]>
    </failure>
  </testcase> <!-- TC06_CustomerRegistrationForUS -->
  <testcase name="TC07_CustomerRegistrationForAF" time="7.957" classname="test.NewCustomerRegistrationTest"/>
  <testcase name="TC08_CustomerRegistrationForRU" time="10.752" classname="test.NewCustomerRegistrationTest"/>
  <testcase name="TC22_verifyZipCodeIsMandatoryAndElementType" time="0.566" classname="test.NewCustomerRegistrationTest"/>
  <testcase name="TC17_verifyFieldsMandatoryToFillForRegistration" time="0.966" classname="test.NewCustomerRegistrationTest"/>
  <testcase name="TC19_verifyUSAsDefaultCountry" time="0.151" classname="test.NewCustomerRegistrationTest"/>
  <testcase name="TC18_verifyCountryIsMandatoryAndElementType" time="0.894" classname="test.NewCustomerRegistrationTest"/>
  <testcase name="TC20_verifyStateIsMandatoryAndElementType" time="0.22" classname="test.NewCustomerRegistrationTest"/>
  <testcase name="TC21_verifyCityIsMandatoryAndElementType" time="0.158" classname="test.NewCustomerRegistrationTest"/>
  <testcase name="TC23_verifyWebDomainIsMandatoryAndElementType" time="0.197" classname="test.NewCustomerRegistrationTest"/>
  <testcase name="TC24_verifyPrimaryIndustryIsMandatoryAndElementType" time="0.807" classname="test.NewCustomerRegistrationTest"/>
  <testcase name="TC25_verifyCustomerCompanyNameIsMandatoryAndElementType" time="0.179" classname="test.NewCustomerRegistrationTest"/>
  <testcase name="TC26_verifyAddress1IsMandatoryAndElementType" time="0.184" classname="test.NewCustomerRegistrationTest"/>
  <testcase name="TC27_verifySegmentationIsMandatoryAndElementType" time="0.824" classname="test.NewCustomerRegistrationTest"/>
  <testcase name="TC28_verifyIdentificationTypeIsMandatoryAndElementType" time="2.051" classname="test.NewCustomerRegistrationTest"/>
  <testcase name="TC29_verifyIdentificationNumberIsMandatoryAndElementType" time="0.234" classname="test.NewCustomerRegistrationTest"/>
  <testcase name="TC30_verifyErrorForInvalidCity" time="10.29" classname="test.NewCustomerRegistrationTest"/>
  <testcase name="TC31_verifyErrorForInvalidPostalCode" time="3.64" classname="test.NewCustomerRegistrationTest"/>
  <testcase name="TC32_verifyErrorForIncorrectPostalCode" time="3.592" classname="test.NewCustomerRegistrationTest"/>
  <testcase name="TC33_verifyErrorForInvalidCustomerCompanyName" time="13.279" classname="test.NewCustomerRegistrationTest">
    <failure type="org.openqa.selenium.NoSuchElementException" message="Unable to locate element: //div[contains(text(),&amp;apos;party name should be provided and not be null in locale: en-US&amp;apos;)]
For documentation on this error, please visit: https://www.seleniumhq.org/exceptions/no_such_element.html
Build info: version: &amp;apos;3.141.59&amp;apos;, revision: &amp;apos;e82be7d358&amp;apos;, time: &amp;apos;2018-11-14T08:17:03&amp;apos;
System info: host: &amp;apos;DESKTOP-OATGVE3&amp;apos;, ip: &amp;apos;10.65.50.90&amp;apos;, os.name: &amp;apos;Windows 10&amp;apos;, os.arch: &amp;apos;amd64&amp;apos;, os.version: &amp;apos;10.0&amp;apos;, java.version: &amp;apos;1.8.0_311&amp;apos;
Driver info: org.openqa.selenium.firefox.FirefoxDriver
Capabilities {acceptInsecureCerts: true, browserName: firefox, browserVersion: 94.0.1, javascriptEnabled: true, moz:accessibilityChecks: false, moz:buildID: 20211103134640, moz:geckodriverVersion: 0.30.0, moz:headless: false, moz:processID: 20752, moz:profile: C:\Users\manorsah\AppData\L..., moz:shutdownTimeout: 60000, moz:useNonSpecCompliantPointerOrigin: false, moz:webdriverClick: true, pageLoadStrategy: normal, platform: WINDOWS, platformName: WINDOWS, platformVersion: 10.0, proxy: Proxy(), setWindowRect: true, strictFileInteractability: false, timeouts: {implicit: 0, pageLoad: 300000, script: 30000}, unhandledPromptBehavior: dismiss and notify}
Session ID: 80605ec0-2572-40d6-ae89-fa3457fa65a3
*** Element info: {Using=xpath, value=//div[contains(text(),&amp;apos;party name should be provided and not be null in locale: en-US&amp;apos;)]}">
      <![CDATA[org.openqa.selenium.NoSuchElementException: Unable to locate element: //div[contains(text(),'party name should be provided and not be null in locale: en-US')]
For documentation on this error, please visit: https://www.seleniumhq.org/exceptions/no_such_element.html
Build info: version: '3.141.59', revision: 'e82be7d358', time: '2018-11-14T08:17:03'
System info: host: 'DESKTOP-OATGVE3', ip: '10.65.50.90', os.name: 'Windows 10', os.arch: 'amd64', os.version: '10.0', java.version: '1.8.0_311'
Driver info: org.openqa.selenium.firefox.FirefoxDriver
Capabilities {acceptInsecureCerts: true, browserName: firefox, browserVersion: 94.0.1, javascriptEnabled: true, moz:accessibilityChecks: false, moz:buildID: 20211103134640, moz:geckodriverVersion: 0.30.0, moz:headless: false, moz:processID: 20752, moz:profile: C:\Users\manorsah\AppData\L..., moz:shutdownTimeout: 60000, moz:useNonSpecCompliantPointerOrigin: false, moz:webdriverClick: true, pageLoadStrategy: normal, platform: WINDOWS, platformName: WINDOWS, platformVersion: 10.0, proxy: Proxy(), setWindowRect: true, strictFileInteractability: false, timeouts: {implicit: 0, pageLoad: 300000, script: 30000}, unhandledPromptBehavior: dismiss and notify}
Session ID: 80605ec0-2572-40d6-ae89-fa3457fa65a3
*** Element info: {Using=xpath, value=//div[contains(text(),'party name should be provided and not be null in locale: en-US')]}
at org.openqa.selenium.remote.http.W3CHttpResponseCodec.createException(W3CHttpResponseCodec.java:187)
at org.openqa.selenium.remote.http.W3CHttpResponseCodec.decode(W3CHttpResponseCodec.java:122)
at org.openqa.selenium.remote.http.W3CHttpResponseCodec.decode(W3CHttpResponseCodec.java:49)
at org.openqa.selenium.remote.HttpCommandExecutor.execute(HttpCommandExecutor.java:158)
at org.openqa.selenium.remote.service.DriverCommandExecutor.execute(DriverCommandExecutor.java:83)
at org.openqa.selenium.remote.RemoteWebDriver.execute(RemoteWebDriver.java:552)
at org.openqa.selenium.remote.RemoteWebDriver.findElement(RemoteWebDriver.java:323)
at org.openqa.selenium.remote.RemoteWebDriver.findElementByXPath(RemoteWebDriver.java:428)
at org.openqa.selenium.By$ByXPath.findElement(By.java:353)
at org.openqa.selenium.remote.RemoteWebDriver.findElement(RemoteWebDriver.java:315)
at page.NewCustomerRegistration.verifyErrorForInvalidCustomerCompanyName(NewCustomerRegistration.java:636)
at test.NewCustomerRegistrationTest.TC33_verifyErrorForInvalidCustomerCompanyName(NewCustomerRegistrationTest.java:200)
at com.intellij.rt.testng.IDEARemoteTestNG.run(IDEARemoteTestNG.java:66)
at com.intellij.rt.testng.RemoteTestNGStarter.main(RemoteTestNGStarter.java:109)
... Removed 26 stack frames]]>
    </failure>
  </testcase> <!-- TC33_verifyErrorForInvalidCustomerCompanyName -->
  <testcase name="TC09_verifyResetFunctionality" time="13.371" classname="test.NewCustomerRegistrationTest">
    <failure type="org.openqa.selenium.NoSuchElementException" message="Unable to locate element: //div[contains(text(),&amp;apos;Party created successfully&amp;apos;)]
For documentation on this error, please visit: https://www.seleniumhq.org/exceptions/no_such_element.html
Build info: version: &amp;apos;3.141.59&amp;apos;, revision: &amp;apos;e82be7d358&amp;apos;, time: &amp;apos;2018-11-14T08:17:03&amp;apos;
System info: host: &amp;apos;DESKTOP-OATGVE3&amp;apos;, ip: &amp;apos;10.65.50.90&amp;apos;, os.name: &amp;apos;Windows 10&amp;apos;, os.arch: &amp;apos;amd64&amp;apos;, os.version: &amp;apos;10.0&amp;apos;, java.version: &amp;apos;1.8.0_311&amp;apos;
Driver info: org.openqa.selenium.firefox.FirefoxDriver
Capabilities {acceptInsecureCerts: true, browserName: firefox, browserVersion: 94.0.1, javascriptEnabled: true, moz:accessibilityChecks: false, moz:buildID: 20211103134640, moz:geckodriverVersion: 0.30.0, moz:headless: false, moz:processID: 20752, moz:profile: C:\Users\manorsah\AppData\L..., moz:shutdownTimeout: 60000, moz:useNonSpecCompliantPointerOrigin: false, moz:webdriverClick: true, pageLoadStrategy: normal, platform: WINDOWS, platformName: WINDOWS, platformVersion: 10.0, proxy: Proxy(), setWindowRect: true, strictFileInteractability: false, timeouts: {implicit: 0, pageLoad: 300000, script: 30000}, unhandledPromptBehavior: dismiss and notify}
Session ID: 80605ec0-2572-40d6-ae89-fa3457fa65a3
*** Element info: {Using=xpath, value=//div[contains(text(),&amp;apos;Party created successfully&amp;apos;)]}">
      <![CDATA[org.openqa.selenium.NoSuchElementException: Unable to locate element: //div[contains(text(),'Party created successfully')]
For documentation on this error, please visit: https://www.seleniumhq.org/exceptions/no_such_element.html
Build info: version: '3.141.59', revision: 'e82be7d358', time: '2018-11-14T08:17:03'
System info: host: 'DESKTOP-OATGVE3', ip: '10.65.50.90', os.name: 'Windows 10', os.arch: 'amd64', os.version: '10.0', java.version: '1.8.0_311'
Driver info: org.openqa.selenium.firefox.FirefoxDriver
Capabilities {acceptInsecureCerts: true, browserName: firefox, browserVersion: 94.0.1, javascriptEnabled: true, moz:accessibilityChecks: false, moz:buildID: 20211103134640, moz:geckodriverVersion: 0.30.0, moz:headless: false, moz:processID: 20752, moz:profile: C:\Users\manorsah\AppData\L..., moz:shutdownTimeout: 60000, moz:useNonSpecCompliantPointerOrigin: false, moz:webdriverClick: true, pageLoadStrategy: normal, platform: WINDOWS, platformName: WINDOWS, platformVersion: 10.0, proxy: Proxy(), setWindowRect: true, strictFileInteractability: false, timeouts: {implicit: 0, pageLoad: 300000, script: 30000}, unhandledPromptBehavior: dismiss and notify}
Session ID: 80605ec0-2572-40d6-ae89-fa3457fa65a3
*** Element info: {Using=xpath, value=//div[contains(text(),'Party created successfully')]}
at org.openqa.selenium.remote.http.W3CHttpResponseCodec.createException(W3CHttpResponseCodec.java:187)
at org.openqa.selenium.remote.http.W3CHttpResponseCodec.decode(W3CHttpResponseCodec.java:122)
at org.openqa.selenium.remote.http.W3CHttpResponseCodec.decode(W3CHttpResponseCodec.java:49)
at org.openqa.selenium.remote.HttpCommandExecutor.execute(HttpCommandExecutor.java:158)
at org.openqa.selenium.remote.service.DriverCommandExecutor.execute(DriverCommandExecutor.java:83)
at org.openqa.selenium.remote.RemoteWebDriver.execute(RemoteWebDriver.java:552)
at org.openqa.selenium.remote.RemoteWebDriver.findElement(RemoteWebDriver.java:323)
at org.openqa.selenium.remote.RemoteWebDriver.findElementByXPath(RemoteWebDriver.java:428)
at org.openqa.selenium.By$ByXPath.findElement(By.java:353)
at org.openqa.selenium.remote.RemoteWebDriver.findElement(RemoteWebDriver.java:315)
at page.NewCustomerRegistration.verifyResetFunctionality(NewCustomerRegistration.java:649)
at test.NewCustomerRegistrationTest.TC09_verifyResetFunctionality(NewCustomerRegistrationTest.java:207)
at com.intellij.rt.testng.IDEARemoteTestNG.run(IDEARemoteTestNG.java:66)
at com.intellij.rt.testng.RemoteTestNGStarter.main(RemoteTestNGStarter.java:109)
... Removed 26 stack frames]]>
    </failure>
  </testcase> <!-- TC09_verifyResetFunctionality -->
  <testcase name="TC10_verifyWebDomainTooltipText" time="1.35" classname="test.NewCustomerRegistrationTest"/>
  <testcase name="TC11_verifyIdentificationTypeTooltipText" time="1.338" classname="test.NewCustomerRegistrationTest"/>
  <testcase name="TC12_verifyIdentificationNumberTooltipText" time="1.333" classname="test.NewCustomerRegistrationTest"/>
  <testcase name="TC13_verifyPrimaryIndustryTooltipText" time="1.273" classname="test.NewCustomerRegistrationTest"/>
  <testcase name="TC14_verifyReferenceURLTooltipText" time="1.439" classname="test.NewCustomerRegistrationTest"/>
  <testcase name="TC15_verifySegmentationTooltipText" time="1.279" classname="test.NewCustomerRegistrationTest"/>
  <testcase name="TC16_verifyReferenceGIDTooltipText" time="1.339" classname="test.NewCustomerRegistrationTest"/>
</testsuite> <!-- NewCustomerRegistration -->
